[06Oct2025 00:00:39.098] [Server thread/INFO] [net.minecraft.server.MinecraftServer/]: Zairos_ALT has made the advancement [Wheels of Destruction]
[06Oct2025 00:05:55.842] [Server thread/WARN] [tombstone/]: The death event of the player Panchito232027 was canceled by another mod
[06Oct2025 00:05:55.845] [Server thread/INFO] [tombstone/]: The player Panchito232027 has successfully been saved
[06Oct2025 00:07:59.725] [ForkJoinPool.commonPool-worker-10/WARN] [SkinRestorer/]: Failed to fetch skin 'mojang:MaximoGB23'
java.lang.IllegalStateException: not found
	at net.lionarius.skinrestorer.util.WebUtils.throwOnClientErrors(WebUtils.java:77) ~[?:?]
	at net.lionarius.skinrestorer.skin.provider.MojangSkinProvider.getProfile(MojangSkinProvider.java:128) ~[?:?]
	at net.lionarius.skinrestorer.skin.provider.MojangSkinProvider.lambda$static$0(MojangSkinProvider.java:52) ~[?:?]
	at net.minecraft.server.players.GameProfileCache.m_10993_(GameProfileCache.java:98) ~[?:?]
	at net.minecraft.server.players.GameProfileCache.m_10996_(GameProfileCache.java:150) ~[?:?]
	at net.lionarius.skinrestorer.skin.provider.MojangSkinProvider.fetchSkin(MojangSkinProvider.java:99) ~[?:?]
	at net.minecraft.server.network.ServerLoginPacketListenerImpl.md9bbf8d$lambda$skinrestorer$fetchSkin$1$1(ServerLoginPacketListenerImpl.java:582) ~[?:?]
	at java.util.Optional.map(Optional.java:260) ~[?:?]
	at net.minecraft.server.network.ServerLoginPacketListenerImpl.skinrestorer$fetchSkin(ServerLoginPacketListenerImpl.java:581) ~[?:?]
	at net.minecraft.server.network.ServerLoginPacketListenerImpl.md9bbf8d$lambda$waitForSkin$0$2(ServerLoginPacketListenerImpl.java:566) ~[?:?]
	at java.util.concurrent.CompletableFuture$AsyncSupply.run(CompletableFuture.java:1768) ~[?:?]
	at java.util.concurrent.CompletableFuture$AsyncSupply.exec(CompletableFuture.java:1760) ~[?:?]
	at java.util.concurrent.ForkJoinTask.doExec(ForkJoinTask.java:373) ~[?:?]
	at java.util.concurrent.ForkJoinPool$WorkQueue.topLevelExec(ForkJoinPool.java:1182) ~[?:?]
	at java.util.concurrent.ForkJoinPool.scan(ForkJoinPool.java:1655) ~[?:?]
	at java.util.concurrent.ForkJoinPool.runWorker(ForkJoinPool.java:1622) ~[?:?]
	at java.util.concurrent.ForkJoinWorkerThread.run(ForkJoinWorkerThread.java:165) ~[?:?]
[06Oct2025 00:07:59.746] [Server thread/INFO] [net.minecraft.server.players.PlayerList/]: MaximoGB23[/127.122.74.237:33355] logged in with entity id 6660 at (38.78043835986201, 64.1875, 169.20371635774367)
[06Oct2025 00:07:59.753] [Server thread/INFO] [net.minecraft.server.MinecraftServer/]: MaximoGB23 joined the game
[06Oct2025 00:07:59.776] [Server thread/INFO] [Jade/]: Syncing config to MaximoGB23 (55bb4f29-2181-32db-aab3-3c694c056141)
[06Oct2025 00:08:00.598] [Server thread/INFO] [voicechat/]: [voicechat] Received secret request of MaximoGB23 (20)
[06Oct2025 00:08:00.599] [Server thread/INFO] [voicechat/]: [voicechat] Sent secret to MaximoGB23
[06Oct2025 00:08:29.899] [Server thread/INFO] [net.minecraft.server.network.ServerGamePacketListenerImpl/]: MaximoGB23 lost connection: Timed out
[06Oct2025 00:08:29.900] [Server thread/INFO] [net.minecraft.server.MinecraftServer/]: MaximoGB23 left the game
[06Oct2025 00:08:29.900] [Server thread/INFO] [voicechat/]: [voicechat] Disconnecting client MaximoGB23
[06Oct2025 00:12:44.942] [ForkJoinPool.commonPool-worker-12/WARN] [SkinRestorer/]: Failed to fetch skin 'mojang:MaximoGB23'
java.lang.IllegalStateException: not found
	at net.lionarius.skinrestorer.util.WebUtils.throwOnClientErrors(WebUtils.java:77) ~[?:?]
	at net.lionarius.skinrestorer.skin.provider.MojangSkinProvider.getProfile(MojangSkinProvider.java:128) ~[?:?]
	at net.lionarius.skinrestorer.skin.provider.MojangSkinProvider.lambda$static$0(MojangSkinProvider.java:52) ~[?:?]
	at net.minecraft.server.players.GameProfileCache.m_10993_(GameProfileCache.java:98) ~[?:?]
	at net.minecraft.server.players.GameProfileCache.m_10996_(GameProfileCache.java:150) ~[?:?]
	at net.lionarius.skinrestorer.skin.provider.MojangSkinProvider.fetchSkin(MojangSkinProvider.java:99) ~[?:?]
	at net.minecraft.server.network.ServerLoginPacketListenerImpl.md9bbf8d$lambda$skinrestorer$fetchSkin$1$1(ServerLoginPacketListenerImpl.java:582) ~[?:?]
	at java.util.Optional.map(Optional.java:260) ~[?:?]
	at net.minecraft.server.network.ServerLoginPacketListenerImpl.skinrestorer$fetchSkin(ServerLoginPacketListenerImpl.java:581) ~[?:?]
	at net.minecraft.server.network.ServerLoginPacketListenerImpl.md9bbf8d$lambda$waitForSkin$0$2(ServerLoginPacketListenerImpl.java:566) ~[?:?]
	at java.util.concurrent.CompletableFuture$AsyncSupply.run(CompletableFuture.java:1768) ~[?:?]
	at java.util.concurrent.CompletableFuture$AsyncSupply.exec(CompletableFuture.java:1760) ~[?:?]
	at java.util.concurrent.ForkJoinTask.doExec(ForkJoinTask.java:373) ~[?:?]
	at java.util.concurrent.ForkJoinPool$WorkQueue.topLevelExec(ForkJoinPool.java:1182) ~[?:?]
	at java.util.concurrent.ForkJoinPool.scan(ForkJoinPool.java:1655) ~[?:?]
	at java.util.concurrent.ForkJoinPool.runWorker(ForkJoinPool.java:1622) ~[?:?]
	at java.util.concurrent.ForkJoinWorkerThread.run(ForkJoinWorkerThread.java:165) ~[?:?]
[06Oct2025 00:12:44.996] [Server thread/INFO] [net.minecraft.server.players.PlayerList/]: MaximoGB23[/127.122.74.237:38873] logged in with entity id 8376 at (38.78043835986201, 64.1875, 169.20371635774367)
[06Oct2025 00:12:45.003] [Server thread/INFO] [net.minecraft.server.MinecraftServer/]: MaximoGB23 joined the game
[06Oct2025 00:12:45.026] [Server thread/INFO] [Jade/]: Syncing config to MaximoGB23 (55bb4f29-2181-32db-aab3-3c694c056141)
[06Oct2025 00:12:45.843] [Server thread/INFO] [voicechat/]: [voicechat] Received secret request of MaximoGB23 (20)
[06Oct2025 00:12:45.843] [Server thread/INFO] [voicechat/]: [voicechat] Sent secret to MaximoGB23
[06Oct2025 00:13:15.090] [Server thread/INFO] [net.minecraft.server.network.ServerGamePacketListenerImpl/]: MaximoGB23 lost connection: Timed out
[06Oct2025 00:13:15.090] [Server thread/INFO] [net.minecraft.server.MinecraftServer/]: MaximoGB23 left the game
[06Oct2025 00:13:15.091] [Server thread/INFO] [voicechat/]: [voicechat] Disconnecting client MaximoGB23
[06Oct2025 00:13:16.133] [Server thread/INFO] [net.minecraft.server.MinecraftServer/]: Panchito232027 has made the advancement [Flexible Schedule]
[06Oct2025 00:13:32.232] [Server thread/INFO] [net.minecraft.server.MinecraftServer/]: Zairos_ALT has made the advancement [Flexible Schedule]
[06Oct2025 00:13:54.985] [ForkJoinPool.commonPool-worker-12/WARN] [SkinRestorer/]: Failed to fetch skin 'mojang:MaximoGB23'
java.lang.IllegalStateException: not found
	at net.lionarius.skinrestorer.util.WebUtils.throwOnClientErrors(WebUtils.java:77) ~[?:?]
	at net.lionarius.skinrestorer.skin.provider.MojangSkinProvider.getProfile(MojangSkinProvider.java:128) ~[?:?]
	at net.lionarius.skinrestorer.skin.provider.MojangSkinProvider.lambda$static$0(MojangSkinProvider.java:52) ~[?:?]
	at net.minecraft.server.players.GameProfileCache.m_10993_(GameProfileCache.java:98) ~[?:?]
	at net.minecraft.server.players.GameProfileCache.m_10996_(GameProfileCache.java:150) ~[?:?]
	at net.lionarius.skinrestorer.skin.provider.MojangSkinProvider.fetchSkin(MojangSkinProvider.java:99) ~[?:?]
	at net.minecraft.server.network.ServerLoginPacketListenerImpl.md9bbf8d$lambda$skinrestorer$fetchSkin$1$1(ServerLoginPacketListenerImpl.java:582) ~[?:?]
	at java.util.Optional.map(Optional.java:260) ~[?:?]
	at net.minecraft.server.network.ServerLoginPacketListenerImpl.skinrestorer$fetchSkin(ServerLoginPacketListenerImpl.java:581) ~[?:?]
	at net.minecraft.server.network.ServerLoginPacketListenerImpl.md9bbf8d$lambda$waitForSkin$0$2(ServerLoginPacketListenerImpl.java:566) ~[?:?]
	at java.util.concurrent.CompletableFuture$AsyncSupply.run(CompletableFuture.java:1768) ~[?:?]
	at java.util.concurrent.CompletableFuture$AsyncSupply.exec(CompletableFuture.java:1760) ~[?:?]
	at java.util.concurrent.ForkJoinTask.doExec(ForkJoinTask.java:373) ~[?:?]
	at java.util.concurrent.ForkJoinPool$WorkQueue.topLevelExec(ForkJoinPool.java:1182) ~[?:?]
	at java.util.concurrent.ForkJoinPool.scan(ForkJoinPool.java:1655) ~[?:?]
	at java.util.concurrent.ForkJoinPool.runWorker(ForkJoinPool.java:1622) ~[?:?]
	at java.util.concurrent.ForkJoinWorkerThread.run(ForkJoinWorkerThread.java:165) ~[?:?]
[06Oct2025 00:13:55.044] [Server thread/INFO] [net.minecraft.server.players.PlayerList/]: MaximoGB23[/127.122.74.237:59759] logged in with entity id 9077 at (38.78043835986201, 64.1875, 169.20371635774367)
[06Oct2025 00:13:55.052] [Server thread/INFO] [net.minecraft.server.MinecraftServer/]: MaximoGB23 joined the game
[06Oct2025 00:13:55.075] [Server thread/INFO] [Jade/]: Syncing config to MaximoGB23 (55bb4f29-2181-32db-aab3-3c694c056141)
[06Oct2025 00:13:55.706] [Server thread/INFO] [voicechat/]: [voicechat] Received secret request of MaximoGB23 (20)
[06Oct2025 00:13:55.707] [Server thread/INFO] [voicechat/]: [voicechat] Sent secret to MaximoGB23
[06Oct2025 00:14:25.146] [Server thread/INFO] [net.minecraft.server.network.ServerGamePacketListenerImpl/]: MaximoGB23 lost connection: Timed out
[06Oct2025 00:14:25.146] [Server thread/INFO] [net.minecraft.server.MinecraftServer/]: MaximoGB23 left the game
[06Oct2025 00:14:25.147] [Server thread/INFO] [voicechat/]: [voicechat] Disconnecting client MaximoGB23
[06Oct2025 00:14:43.337] [Server thread/INFO] [net.minecraft.server.MinecraftServer/]: No entity was found
[06Oct2025 00:15:29.035] [Server thread/INFO] [net.minecraft.server.network.ServerLoginPacketListenerImpl/]: com.mojang.authlib.GameProfile@19fd57ee[id=<null>,name=MaximoGB23,properties={},legacy=false] (/127.122.74.237:44941) lost connection: Disconnected
[06Oct2025 00:15:30.832] [Server thread/INFO] [net.minecraft.server.MinecraftServer/]: No entity was found
[06Oct2025 00:15:32.532] [Server thread/INFO] [net.minecraft.server.MinecraftServer/]: No entity was found
[06Oct2025 00:15:35.839] [Server thread/INFO] [net.minecraft.server.MinecraftServer/]: No entity was found
[06Oct2025 00:15:36.735] [Server thread/INFO] [net.minecraft.server.MinecraftServer/]: No entity was found
[06Oct2025 00:15:38.007] [Server thread/INFO] [net.minecraft.server.MinecraftServer/]: No entity was found
[06Oct2025 00:15:38.382] [Server thread/INFO] [net.minecraft.server.MinecraftServer/]: No entity was found
[06Oct2025 00:15:41.684] [Server thread/INFO] [net.minecraft.server.MinecraftServer/]: No entity was found
[06Oct2025 00:15:41.833] [Server thread/INFO] [net.minecraft.server.MinecraftServer/]: No entity was found
[06Oct2025 00:15:41.845] [Server thread/INFO] [net.minecraft.server.MinecraftServer/]: No entity was found
[06Oct2025 00:15:42.693] [Server thread/INFO] [net.minecraft.server.MinecraftServer/]: No entity was found
[06Oct2025 00:15:45.235] [Server thread/INFO] [net.minecraft.server.MinecraftServer/]: No entity was found
[06Oct2025 00:15:59.907] [ForkJoinPool.commonPool-worker-15/WARN] [SkinRestorer/]: Failed to fetch skin 'mojang:MaximoGB23'
java.lang.IllegalStateException: not found
	at net.lionarius.skinrestorer.util.WebUtils.throwOnClientErrors(WebUtils.java:77) ~[?:?]
	at net.lionarius.skinrestorer.skin.provider.MojangSkinProvider.getProfile(MojangSkinProvider.java:128) ~[?:?]
	at net.lionarius.skinrestorer.skin.provider.MojangSkinProvider.lambda$static$0(MojangSkinProvider.java:52) ~[?:?]
	at net.minecraft.server.players.GameProfileCache.m_10993_(GameProfileCache.java:98) ~[?:?]
	at net.minecraft.server.players.GameProfileCache.m_10996_(GameProfileCache.java:150) ~[?:?]
	at net.lionarius.skinrestorer.skin.provider.MojangSkinProvider.fetchSkin(MojangSkinProvider.java:99) ~[?:?]
	at net.minecraft.server.network.ServerLoginPacketListenerImpl.md9bbf8d$lambda$skinrestorer$fetchSkin$1$1(ServerLoginPacketListenerImpl.java:582) ~[?:?]
	at java.util.Optional.map(Optional.java:260) ~[?:?]
	at net.minecraft.server.network.ServerLoginPacketListenerImpl.skinrestorer$fetchSkin(ServerLoginPacketListenerImpl.java:581) ~[?:?]
	at net.minecraft.server.network.ServerLoginPacketListenerImpl.md9bbf8d$lambda$waitForSkin$0$2(ServerLoginPacketListenerImpl.java:566) ~[?:?]
	at java.util.concurrent.CompletableFuture$AsyncSupply.run(CompletableFuture.java:1768) ~[?:?]
	at java.util.concurrent.CompletableFuture$AsyncSupply.exec(CompletableFuture.java:1760) ~[?:?]
	at java.util.concurrent.ForkJoinTask.doExec(ForkJoinTask.java:373) ~[?:?]
	at java.util.concurrent.ForkJoinPool$WorkQueue.topLevelExec(ForkJoinPool.java:1182) ~[?:?]
	at java.util.concurrent.ForkJoinPool.scan(ForkJoinPool.java:1655) ~[?:?]
	at java.util.concurrent.ForkJoinPool.runWorker(ForkJoinPool.java:1622) ~[?:?]
	at java.util.concurrent.ForkJoinWorkerThread.run(ForkJoinWorkerThread.java:165) ~[?:?]
[06Oct2025 00:15:59.942] [Server thread/INFO] [net.minecraft.server.players.PlayerList/]: MaximoGB23[/127.122.74.237:51745] logged in with entity id 9769 at (38.78043835986201, 64.1875, 169.20371635774367)
[06Oct2025 00:15:59.948] [Server thread/INFO] [net.minecraft.server.MinecraftServer/]: MaximoGB23 joined the game
[06Oct2025 00:15:59.968] [Server thread/INFO] [Jade/]: Syncing config to MaximoGB23 (55bb4f29-2181-32db-aab3-3c694c056141)
[06Oct2025 00:16:01.300] [Server thread/INFO] [net.minecraft.server.MinecraftServer/]: Teleported MaximoGB23 to Zairos_ALT
[06Oct2025 00:16:02.047] [Server thread/INFO] [voicechat/]: [voicechat] Received secret request of MaximoGB23 (20)
[06Oct2025 00:16:02.047] [Server thread/INFO] [voicechat/]: [voicechat] Sent secret to MaximoGB23
[06Oct2025 00:16:04.191] [Server thread/INFO] [net.minecraft.server.MinecraftServer/]: Teleported MaximoGB23 to Zairos_ALT
[06Oct2025 00:16:30.043] [Server thread/INFO] [net.minecraft.server.network.ServerGamePacketListenerImpl/]: MaximoGB23 lost connection: Timed out
[06Oct2025 00:16:30.043] [Server thread/INFO] [net.minecraft.server.MinecraftServer/]: MaximoGB23 left the game
[06Oct2025 00:16:30.044] [Server thread/INFO] [voicechat/]: [voicechat] Disconnecting client MaximoGB23
[06Oct2025 00:17:14.418] [ForkJoinPool.commonPool-worker-17/WARN] [SkinRestorer/]: Failed to fetch skin 'mojang:MaximoGB23'
java.lang.IllegalStateException: not found
	at net.lionarius.skinrestorer.util.WebUtils.throwOnClientErrors(WebUtils.java:77) ~[?:?]
	at net.lionarius.skinrestorer.skin.provider.MojangSkinProvider.getProfile(MojangSkinProvider.java:128) ~[?:?]
	at net.lionarius.skinrestorer.skin.provider.MojangSkinProvider.lambda$static$0(MojangSkinProvider.java:52) ~[?:?]
	at net.minecraft.server.players.GameProfileCache.m_10993_(GameProfileCache.java:98) ~[?:?]
	at net.minecraft.server.players.GameProfileCache.m_10996_(GameProfileCache.java:150) ~[?:?]
	at net.lionarius.skinrestorer.skin.provider.MojangSkinProvider.fetchSkin(MojangSkinProvider.java:99) ~[?:?]
	at net.minecraft.server.network.ServerLoginPacketListenerImpl.md9bbf8d$lambda$skinrestorer$fetchSkin$1$1(ServerLoginPacketListenerImpl.java:582) ~[?:?]
	at java.util.Optional.map(Optional.java:260) ~[?:?]
	at net.minecraft.server.network.ServerLoginPacketListenerImpl.skinrestorer$fetchSkin(ServerLoginPacketListenerImpl.java:581) ~[?:?]
	at net.minecraft.server.network.ServerLoginPacketListenerImpl.md9bbf8d$lambda$waitForSkin$0$2(ServerLoginPacketListenerImpl.java:566) ~[?:?]
	at java.util.concurrent.CompletableFuture$AsyncSupply.run(CompletableFuture.java:1768) ~[?:?]
	at java.util.concurrent.CompletableFuture$AsyncSupply.exec(CompletableFuture.java:1760) ~[?:?]
	at java.util.concurrent.ForkJoinTask.doExec(ForkJoinTask.java:373) ~[?:?]
	at java.util.concurrent.ForkJoinPool$WorkQueue.topLevelExec(ForkJoinPool.java:1182) ~[?:?]
	at java.util.concurrent.ForkJoinPool.scan(ForkJoinPool.java:1655) ~[?:?]
	at java.util.concurrent.ForkJoinPool.runWorker(ForkJoinPool.java:1622) ~[?:?]
	at java.util.concurrent.ForkJoinWorkerThread.run(ForkJoinWorkerThread.java:165) ~[?:?]
[06Oct2025 00:17:14.441] [Server thread/INFO] [net.minecraft.server.players.PlayerList/]: MaximoGB23[/127.122.74.237:39963] logged in with entity id 10167 at (2050.173195917212, 110.0, -4765.16586729166)
[06Oct2025 00:17:14.448] [Server thread/INFO] [net.minecraft.server.MinecraftServer/]: MaximoGB23 joined the game
[06Oct2025 00:17:14.506] [Server thread/INFO] [Jade/]: Syncing config to MaximoGB23 (55bb4f29-2181-32db-aab3-3c694c056141)
[06Oct2025 00:17:14.957] [Server thread/INFO] [voicechat/]: [voicechat] Received secret request of MaximoGB23 (20)
[06Oct2025 00:17:14.957] [Server thread/INFO] [voicechat/]: [voicechat] Sent secret to MaximoGB23
[06Oct2025 00:17:44.535] [Server thread/INFO] [net.minecraft.server.network.ServerGamePacketListenerImpl/]: MaximoGB23 lost connection: Timed out
[06Oct2025 00:17:44.535] [Server thread/INFO] [net.minecraft.server.MinecraftServer/]: MaximoGB23 left the game
[06Oct2025 00:17:44.535] [Server thread/INFO] [voicechat/]: [voicechat] Disconnecting client MaximoGB23
[06Oct2025 00:20:33.133] [Worker-Main-1/INFO] [citadel/]: vanilla surface rule behavior unchanged
[06Oct2025 00:39:33.789] [Server thread/INFO] [net.minecraft.server.MinecraftServer/]: Panchito232027 has made the advancement [A Terrible Fortress]
[06Oct2025 00:43:08.296] [Server thread/INFO] [net.minecraft.server.MinecraftServer/]: Panchito232027 has made the advancement [Into Fire]
[06Oct2025 00:46:50.782] [Server thread/INFO] [net.minecraft.server.MinecraftServer/]: Zairos_ALT has made the advancement [Wingin' It]
[06Oct2025 00:47:46.829] [Server thread/INFO] [net.minecraft.world.entity.npc.Villager/]: Villager Villager['Fletcher'/19346, l='ServerLevel[PapuLandia]', x=2325.50, y=22.56, z=-4986.50] died, message: 'Fletcher suffocated in a wall'
[06Oct2025 00:48:41.540] [Server thread/WARN] [tombstone/]: The death event of the player Panchito232027 was canceled by another mod
[06Oct2025 00:48:41.543] [Server thread/INFO] [tombstone/]: The player Panchito232027 has successfully been saved
[06Oct2025 00:49:02.893] [Server thread/INFO] [net.minecraft.server.MinecraftServer/]: Panchito232027 fell from a high place
[06Oct2025 00:54:43.440] [Server thread/INFO] [net.minecraft.server.MinecraftServer/]: Panchito232027 has made the advancement [Spray 'n Pray]
[06Oct2025 00:55:20.199] [Worker-Main-2/WARN] [net.minecraft.world.entity.EntityType/]: Skipping Entity with id minecraft:bogged
[06Oct2025 00:55:20.199] [Worker-Main-2/WARN] [net.minecraft.world.entity.EntityType/]: Skipping Entity with id minecraft:bogged
[06Oct2025 00:55:20.199] [Worker-Main-2/WARN] [net.minecraft.world.entity.EntityType/]: Skipping Entity with id minecraft:bogged
[06Oct2025 01:03:19.547] [Server thread/INFO] [net.minecraft.server.MinecraftServer/]: Panchito232027 has made the advancement [What a Deal!]
[06Oct2025 01:13:33.923] [Worker-Main-1/ERROR] [net.minecraft.world.level.block.entity.SculkShriekerBlockEntity/]: No key selector in MapLike[{event_delay:0,event_distance:0.0f,range:8,source:{pos:[I;-425,-56,-205],type:"minecraft:block"}}]
[06Oct2025 01:14:00.335] [Server thread/INFO] [net.minecraft.world.entity.npc.Villager/]: Villager Villager['Fisherman'/35988, l='ServerLevel[PapuLandia]', x=2299.01, y=83.46, z=-4946.66] died, message: 'Fisherman was slain by Zombie'
[06Oct2025 01:14:39.885] [Server thread/WARN] [net.minecraft.world.level.chunk.LevelChunk/]: Tried to load a block entity for block Block{create:copper_door}[facing=east,half=upper,hinge=right,open=false,powered=false,visible=true] but failed at location BlockPos{x=1762, y=66, z=-4611}
[06Oct2025 01:14:39.888] [Server thread/WARN] [net.minecraft.world.level.chunk.LevelChunk/]: Tried to load a block entity for block Block{create:copper_door}[facing=east,half=upper,hinge=left,open=false,powered=false,visible=true] but failed at location BlockPos{x=1762, y=66, z=-4612}
[06Oct2025 01:14:39.890] [Server thread/WARN] [net.minecraft.world.level.chunk.LevelChunk/]: Tried to load a block entity for block Block{create:copper_door}[facing=north,half=upper,hinge=left,open=false,powered=false,visible=true] but failed at location BlockPos{x=1766, y=66, z=-4622}
[06Oct2025 01:14:44.724] [Server thread/WARN] [net.minecraft.world.level.chunk.LevelChunk/]: Tried to load a block entity for block Block{create:track}[shape=zo,turn=false,waterlogged=false] but failed at location BlockPos{x=1608, y=63, z=-4625}
[06Oct2025 01:14:44.724] [Server thread/WARN] [net.minecraft.world.level.chunk.LevelChunk/]: Tried to load a block entity for block Block{create:track}[shape=zo,turn=false,waterlogged=false] but failed at location BlockPos{x=1608, y=63, z=-4626}
[06Oct2025 01:14:44.725] [Server thread/WARN] [net.minecraft.world.level.chunk.LevelChunk/]: Tried to load a block entity for block Block{create:track}[shape=zo,turn=false,waterlogged=false] but failed at location BlockPos{x=1608, y=63, z=-4609}
[06Oct2025 01:14:44.725] [Server thread/WARN] [net.minecraft.world.level.chunk.LevelChunk/]: Tried to load a block entity for block Block{create:track}[shape=zo,turn=false,waterlogged=false] but failed at location BlockPos{x=1608, y=63, z=-4613}
[06Oct2025 01:14:44.725] [Server thread/WARN] [net.minecraft.world.level.chunk.LevelChunk/]: Tried to load a block entity for block Block{create:track}[shape=zo,turn=false,waterlogged=false] but failed at location BlockPos{x=1608, y=63, z=-4611}
[06Oct2025 01:14:44.726] [Server thread/WARN] [net.minecraft.world.level.chunk.LevelChunk/]: Tried to load a block entity for block Block{create:track}[shape=zo,turn=false,waterlogged=false] but failed at location BlockPos{x=1608, y=63, z=-4617}
[06Oct2025 01:14:44.726] [Server thread/WARN] [net.minecraft.world.level.chunk.LevelChunk/]: Tried to load a block entity for block Block{create:track}[shape=pd,turn=false,waterlogged=false] but failed at location BlockPos{x=1608, y=63, z=-4615}
[06Oct2025 01:14:44.726] [Server thread/WARN] [net.minecraft.world.level.chunk.LevelChunk/]: Tried to load a block entity for block Block{create:track}[shape=zo,turn=false,waterlogged=false] but failed at location BlockPos{x=1608, y=63, z=-4621}
[06Oct2025 01:14:44.726] [Server thread/WARN] [net.minecraft.world.level.chunk.LevelChunk/]: Tried to load a block entity for block Block{create:track}[shape=pd,turn=false,waterlogged=false] but failed at location BlockPos{x=1608, y=63, z=-4619}
[06Oct2025 01:14:44.726] [Server thread/WARN] [net.minecraft.world.level.chunk.LevelChunk/]: Tried to load a block entity for block Block{create:track}[shape=zo,turn=false,waterlogged=false] but failed at location BlockPos{x=1608, y=63, z=-4623}
[06Oct2025 01:14:44.726] [Server thread/WARN] [net.minecraft.world.level.chunk.LevelChunk/]: Tried to load a block entity for block Block{create:track}[shape=zo,turn=false,waterlogged=false] but failed at location BlockPos{x=1608, y=63, z=-4612}
[06Oct2025 01:14:44.726] [Server thread/WARN] [net.minecraft.world.level.chunk.LevelChunk/]: Tried to load a block entity for block Block{create:track}[shape=zo,turn=false,waterlogged=false] but failed at location BlockPos{x=1608, y=63, z=-4610}
[06Oct2025 01:14:44.726] [Server thread/WARN] [net.minecraft.world.level.chunk.LevelChunk/]: Tried to load a block entity for block Block{create:track}[shape=zo,turn=false,waterlogged=false] but failed at location BlockPos{x=1608, y=63, z=-4616}
[06Oct2025 01:14:44.727] [Server thread/WARN] [net.minecraft.world.level.chunk.LevelChunk/]: Tried to load a block entity for block Block{create:track}[shape=zo,turn=false,waterlogged=false] but failed at location BlockPos{x=1608, y=63, z=-4614}
[06Oct2025 01:14:44.727] [Server thread/WARN] [net.minecraft.world.level.chunk.LevelChunk/]: Tried to load a block entity for block Block{create:track}[shape=zo,turn=false,waterlogged=false] but failed at location BlockPos{x=1608, y=63, z=-4620}
[06Oct2025 01:14:44.727] [Server thread/WARN] [net.minecraft.world.level.chunk.LevelChunk/]: Tried to load a block entity for block Block{create:track}[shape=zo,turn=false,waterlogged=false] but failed at location BlockPos{x=1608, y=63, z=-4618}
[06Oct2025 01:14:44.727] [Server thread/WARN] [net.minecraft.world.level.chunk.LevelChunk/]: Tried to load a block entity for block Block{create:track}[shape=zo,turn=false,waterlogged=false] but failed at location BlockPos{x=1608, y=63, z=-4624}
[06Oct2025 01:14:44.727] [Server thread/WARN] [net.minecraft.world.level.chunk.LevelChunk/]: Tried to load a block entity for block Block{create:track}[shape=zo,turn=false,waterlogged=false] but failed at location BlockPos{x=1608, y=63, z=-4622}
[06Oct2025 01:16:37.066] [Server thread/WARN] [net.minecraft.server.network.ServerGamePacketListenerImpl/]: Panchito232027 moved too quickly! 0.2681765873976474,1.0,10.415596747470317
[06Oct2025 01:16:38.369] [Server thread/WARN] [net.minecraft.server.MinecraftServer/]: Can't keep up! Is the server overloaded? Running 2154ms or 43 ticks behind
[06Oct2025 01:18:19.791] [Server thread/WARN] [net.minecraft.world.level.chunk.LevelChunk/]: Tried to load a block entity for block Block{create:track}[shape=zo,turn=false,waterlogged=false] but failed at location BlockPos{x=2179, y=75, z=-2956}
[06Oct2025 01:18:19.791] [Server thread/WARN] [net.minecraft.world.level.chunk.LevelChunk/]: Tried to load a block entity for block Block{create:track}[shape=zo,turn=false,waterlogged=false] but failed at location BlockPos{x=2179, y=75, z=-2955}
[06Oct2025 01:18:19.791] [Server thread/WARN] [net.minecraft.world.level.chunk.LevelChunk/]: Tried to load a block entity for block Block{create:track}[shape=pd,turn=false,waterlogged=false] but failed at location BlockPos{x=2179, y=75, z=-2954}
[06Oct2025 01:18:19.791] [Server thread/WARN] [net.minecraft.world.level.chunk.LevelChunk/]: Tried to load a block entity for block Block{create:track}[shape=zo,turn=false,waterlogged=false] but failed at location BlockPos{x=2179, y=75, z=-2953}
[06Oct2025 01:18:19.791] [Server thread/WARN] [net.minecraft.world.level.chunk.LevelChunk/]: Tried to load a block entity for block Block{create:track}[shape=zo,turn=false,waterlogged=false] but failed at location BlockPos{x=2179, y=75, z=-2959}
[06Oct2025 01:18:19.791] [Server thread/WARN] [net.minecraft.world.level.chunk.LevelChunk/]: Tried to load a block entity for block Block{create:track}[shape=zo,turn=false,waterlogged=false] but failed at location BlockPos{x=2179, y=75, z=-2958}
[06Oct2025 01:18:19.792] [Server thread/WARN] [net.minecraft.world.level.chunk.LevelChunk/]: Tried to load a block entity for block Block{create:track}[shape=zo,turn=false,waterlogged=false] but failed at location BlockPos{x=2179, y=75, z=-2957}
[06Oct2025 01:18:32.682] [Server thread/INFO] [net.minecraft.world.entity.npc.Villager/]: Villager Villager['Leatherworker'/42294, l='ServerLevel[PapuLandia]', x=2069.30, y=50.05, z=-3050.50] died, message: 'Leatherworker drowned'
[06Oct2025 01:20:03.579] [Server thread/WARN] [net.minecraft.world.level.chunk.LevelChunk/]: Tried to load a block entity for block Block{create:track}[shape=zo,turn=false,waterlogged=false] but failed at location BlockPos{x=1800, y=78, z=-2322}
[06Oct2025 01:20:03.584] [Server thread/WARN] [net.minecraft.world.level.chunk.LevelChunk/]: Tried to load a block entity for block Block{create:track}[shape=zo,turn=false,waterlogged=false] but failed at location BlockPos{x=1800, y=78, z=-2321}
[06Oct2025 01:20:04.776] [Server thread/WARN] [net.minecraft.world.level.chunk.LevelChunk/]: Tried to load a block entity for block Block{create:track}[shape=zo,turn=false,waterlogged=false] but failed at location BlockPos{x=1800, y=78, z=-2306}
[06Oct2025 01:20:04.777] [Server thread/WARN] [net.minecraft.world.level.chunk.LevelChunk/]: Tried to load a block entity for block Block{create:track}[shape=zo,turn=false,waterlogged=false] but failed at location BlockPos{x=1800, y=78, z=-2308}
[06Oct2025 01:20:04.778] [Server thread/WARN] [net.minecraft.world.level.chunk.LevelChunk/]: Tried to load a block entity for block Block{create:track}[shape=zo,turn=false,waterlogged=false] but failed at location BlockPos{x=1800, y=78, z=-2310}
[06Oct2025 01:20:04.778] [Server thread/WARN] [net.minecraft.world.level.chunk.LevelChunk/]: Tried to load a block entity for block Block{create:track}[shape=zo,turn=false,waterlogged=false] but failed at location BlockPos{x=1800, y=78, z=-2312}
[06Oct2025 01:20:04.779] [Server thread/WARN] [net.minecraft.world.level.chunk.LevelChunk/]: Tried to load a block entity for block Block{create:track}[shape=zo,turn=false,waterlogged=false] but failed at location BlockPos{x=1800, y=78, z=-2314}
[06Oct2025 01:20:04.779] [Server thread/WARN] [net.minecraft.world.level.chunk.LevelChunk/]: Tried to load a block entity for block Block{create:track}[shape=zo,turn=false,waterlogged=false] but failed at location BlockPos{x=1800, y=78, z=-2316}
[06Oct2025 01:20:04.780] [Server thread/WARN] [net.minecraft.world.level.chunk.LevelChunk/]: Tried to load a block entity for block Block{create:track}[shape=zo,turn=false,waterlogged=false] but failed at location BlockPos{x=1800, y=78, z=-2318}
[06Oct2025 01:20:04.780] [Server thread/WARN] [net.minecraft.world.level.chunk.LevelChunk/]: Tried to load a block entity for block Block{create:track}[shape=zo,turn=false,waterlogged=false] but failed at location BlockPos{x=1800, y=78, z=-2320}
[06Oct2025 01:20:04.781] [Server thread/WARN] [net.minecraft.world.level.chunk.LevelChunk/]: Tried to load a block entity for block Block{create:track}[shape=zo,turn=false,waterlogged=false] but failed at location BlockPos{x=1800, y=78, z=-2305}
[06Oct2025 01:20:04.783] [Server thread/WARN] [net.minecraft.world.level.chunk.LevelChunk/]: Tried to load a block entity for block Block{create:track}[shape=zo,turn=false,waterlogged=false] but failed at location BlockPos{x=1800, y=78, z=-2307}
[06Oct2025 01:20:04.784] [Server thread/WARN] [net.minecraft.world.level.chunk.LevelChunk/]: Tried to load a block entity for block Block{create:track}[shape=zo,turn=false,waterlogged=false] but failed at location BlockPos{x=1800, y=78, z=-2309}
[06Oct2025 01:20:04.785] [Server thread/WARN] [net.minecraft.world.level.chunk.LevelChunk/]: Tried to load a block entity for block Block{create:track}[shape=pd,turn=false,waterlogged=false] but failed at location BlockPos{x=1800, y=78, z=-2311}
[06Oct2025 01:20:04.785] [Server thread/WARN] [net.minecraft.world.level.chunk.LevelChunk/]: Tried to load a block entity for block Block{create:track}[shape=zo,turn=false,waterlogged=false] but failed at location BlockPos{x=1800, y=78, z=-2313}
[06Oct2025 01:20:04.785] [Server thread/WARN] [net.minecraft.world.level.chunk.LevelChunk/]: Tried to load a block entity for block Block{create:track}[shape=pd,turn=false,waterlogged=false] but failed at location BlockPos{x=1800, y=78, z=-2315}
[06Oct2025 01:20:04.786] [Server thread/WARN] [net.minecraft.world.level.chunk.LevelChunk/]: Tried to load a block entity for block Block{create:track}[shape=zo,turn=false,waterlogged=false] but failed at location BlockPos{x=1800, y=78, z=-2317}
[06Oct2025 01:20:04.786] [Server thread/WARN] [net.minecraft.world.level.chunk.LevelChunk/]: Tried to load a block entity for block Block{create:track}[shape=zo,turn=false,waterlogged=false] but failed at location BlockPos{x=1800, y=78, z=-2319}
[06Oct2025 01:20:10.776] [Server thread/WARN] [net.minecraft.world.level.chunk.LevelChunk/]: Tried to load a block entity for block Block{create:track}[shape=zo,turn=false,waterlogged=false] but failed at location BlockPos{x=2131, y=66, z=-2313}
[06Oct2025 01:20:10.776] [Server thread/WARN] [net.minecraft.world.level.chunk.LevelChunk/]: Tried to load a block entity for block Block{create:track}[shape=zo,turn=false,waterlogged=false] but failed at location BlockPos{x=2131, y=66, z=-2315}
[06Oct2025 01:20:10.776] [Server thread/WARN] [net.minecraft.world.level.chunk.LevelChunk/]: Tried to load a block entity for block Block{create:track}[shape=pd,turn=false,waterlogged=false] but failed at location BlockPos{x=2131, y=66, z=-2314}
[06Oct2025 01:20:10.776] [Server thread/WARN] [net.minecraft.world.level.chunk.LevelChunk/]: Tried to load a block entity for block Block{create:track}[shape=zo,turn=false,waterlogged=false] but failed at location BlockPos{x=2131, y=66, z=-2317}
[06Oct2025 01:20:10.777] [Server thread/WARN] [net.minecraft.world.level.chunk.LevelChunk/]: Tried to load a block entity for block Block{create:track}[shape=zo,turn=false,waterlogged=false] but failed at location BlockPos{x=2131, y=66, z=-2316}
[06Oct2025 01:20:10.777] [Server thread/WARN] [net.minecraft.world.level.chunk.LevelChunk/]: Tried to load a block entity for block Block{create:track}[shape=zo,turn=false,waterlogged=false] but failed at location BlockPos{x=2131, y=66, z=-2319}
[06Oct2025 01:20:10.777] [Server thread/WARN] [net.minecraft.world.level.chunk.LevelChunk/]: Tried to load a block entity for block Block{create:track}[shape=zo,turn=false,waterlogged=false] but failed at location BlockPos{x=2131, y=66, z=-2318}
[06Oct2025 01:22:24.545] [Server thread/WARN] [net.minecraft.world.level.chunk.LevelChunk/]: Tried to load a block entity for block Block{create:track}[shape=xo,turn=false,waterlogged=false] but failed at location BlockPos{x=1419, y=63, z=-4845}
[06Oct2025 01:22:24.545] [Server thread/WARN] [net.minecraft.world.level.chunk.LevelChunk/]: Tried to load a block entity for block Block{create:track}[shape=xo,turn=false,waterlogged=false] but failed at location BlockPos{x=1421, y=63, z=-4845}
[06Oct2025 01:22:24.545] [Server thread/WARN] [net.minecraft.world.level.chunk.LevelChunk/]: Tried to load a block entity for block Block{create:track}[shape=xo,turn=false,waterlogged=false] but failed at location BlockPos{x=1420, y=63, z=-4845}
[06Oct2025 01:22:24.545] [Server thread/WARN] [net.minecraft.world.level.chunk.LevelChunk/]: Tried to load a block entity for block Block{create:track}[shape=xo,turn=false,waterlogged=false] but failed at location BlockPos{x=1423, y=63, z=-4845}
[06Oct2025 01:22:24.546] [Server thread/WARN] [net.minecraft.world.level.chunk.LevelChunk/]: Tried to load a block entity for block Block{create:track}[shape=xo,turn=false,waterlogged=false] but failed at location BlockPos{x=1422, y=63, z=-4845}
[06Oct2025 01:22:29.553] [Server thread/WARN] [net.minecraft.server.network.ServerGamePacketListenerImpl/]: Panchito232027 moved wrongly!
[06Oct2025 01:25:34.196] [Server thread/WARN] [net.minecraft.server.network.ServerGamePacketListenerImpl/]: Panchito232027 moved wrongly!
[06Oct2025 01:27:07.739] [Server thread/INFO] [net.minecraft.world.entity.npc.Villager/]: Villager Villager['Leatherworker'/53178, l='ServerLevel[PapuLandia]', x=1775.50, y=10.00, z=-4841.50] died, message: 'Leatherworker drowned'
[06Oct2025 01:27:38.753] [Server thread/WARN] [net.minecraft.server.network.ServerGamePacketListenerImpl/]: Zairos_ALT moved wrongly!
[06Oct2025 01:39:02.043] [Server thread/INFO] [net.minecraft.server.MinecraftServer/]: Panchito232027 has completed the challenge [Free Willy]
[06Oct2025 01:39:31.828] [Server thread/WARN] [net.minecraft.world.level.chunk.LevelChunk/]: Tried to load a block entity for block Block{create:track}[shape=zo,turn=false,waterlogged=false] but failed at location BlockPos{x=920, y=104, z=-5314}
[06Oct2025 01:39:31.829] [Server thread/WARN] [net.minecraft.world.level.chunk.LevelChunk/]: Tried to load a block entity for block Block{create:track}[shape=zo,turn=false,waterlogged=false] but failed at location BlockPos{x=920, y=104, z=-5313}
[06Oct2025 01:39:31.832] [Server thread/WARN] [net.minecraft.world.level.chunk.LevelChunk/]: Tried to load a block entity for block Block{create:track}[shape=zo,turn=false,waterlogged=false] but failed at location BlockPos{x=920, y=104, z=-5309}
[06Oct2025 01:39:31.832] [Server thread/WARN] [net.minecraft.world.level.chunk.LevelChunk/]: Tried to load a block entity for block Block{create:track}[shape=zo,turn=false,waterlogged=false] but failed at location BlockPos{x=920, y=104, z=-5311}
[06Oct2025 01:39:31.833] [Server thread/WARN] [net.minecraft.world.level.chunk.LevelChunk/]: Tried to load a block entity for block Block{create:track}[shape=zo,turn=false,waterlogged=false] but failed at location BlockPos{x=920, y=104, z=-5305}
[06Oct2025 01:39:31.833] [Server thread/WARN] [net.minecraft.world.level.chunk.LevelChunk/]: Tried to load a block entity for block Block{create:track}[shape=pd,turn=false,waterlogged=false] but failed at location BlockPos{x=920, y=104, z=-5307}
[06Oct2025 01:39:31.833] [Server thread/WARN] [net.minecraft.world.level.chunk.LevelChunk/]: Tried to load a block entity for block Block{create:track}[shape=zo,turn=false,waterlogged=false] but failed at location BlockPos{x=920, y=104, z=-5301}
[06Oct2025 01:39:31.834] [Server thread/WARN] [net.minecraft.world.level.chunk.LevelChunk/]: Tried to load a block entity for block Block{create:track}[shape=pd,turn=false,waterlogged=false] but failed at location BlockPos{x=920, y=104, z=-5303}
[06Oct2025 01:39:31.834] [Server thread/WARN] [net.minecraft.world.level.chunk.LevelChunk/]: Tried to load a block entity for block Block{create:track}[shape=zo,turn=false,waterlogged=false] but failed at location BlockPos{x=920, y=104, z=-5297}
[06Oct2025 01:39:31.835] [Server thread/WARN] [net.minecraft.world.level.chunk.LevelChunk/]: Tried to load a block entity for block Block{create:track}[shape=zo,turn=false,waterlogged=false] but failed at location BlockPos{x=920, y=104, z=-5299}
[06Oct2025 01:39:31.836] [Server thread/WARN] [net.minecraft.world.level.chunk.LevelChunk/]: Tried to load a block entity for block Block{create:track}[shape=zo,turn=false,waterlogged=false] but failed at location BlockPos{x=920, y=104, z=-5310}
[06Oct2025 01:39:31.836] [Server thread/WARN] [net.minecraft.world.level.chunk.LevelChunk/]: Tried to load a block entity for block Block{create:track}[shape=zo,turn=false,waterlogged=false] but failed at location BlockPos{x=920, y=104, z=-5312}
[06Oct2025 01:39:31.839] [Server thread/WARN] [net.minecraft.world.level.chunk.LevelChunk/]: Tried to load a block entity for block Block{create:track}[shape=zo,turn=false,waterlogged=false] but failed at location BlockPos{x=920, y=104, z=-5306}
[06Oct2025 01:39:31.840] [Server thread/WARN] [net.minecraft.world.level.chunk.LevelChunk/]: Tried to load a block entity for block Block{create:track}[shape=zo,turn=false,waterlogged=false] but failed at location BlockPos{x=920, y=104, z=-5308}
[06Oct2025 01:39:31.841] [Server thread/WARN] [net.minecraft.world.level.chunk.LevelChunk/]: Tried to load a block entity for block Block{create:track}[shape=zo,turn=false,waterlogged=false] but failed at location BlockPos{x=920, y=104, z=-5302}
[06Oct2025 01:39:31.841] [Server thread/WARN] [net.minecraft.world.level.chunk.LevelChunk/]: Tried to load a block entity for block Block{create:track}[shape=zo,turn=false,waterlogged=false] but failed at location BlockPos{x=920, y=104, z=-5304}
[06Oct2025 01:39:31.841] [Server thread/WARN] [net.minecraft.world.level.chunk.LevelChunk/]: Tried to load a block entity for block Block{create:track}[shape=zo,turn=false,waterlogged=false] but failed at location BlockPos{x=920, y=104, z=-5298}
[06Oct2025 01:39:31.841] [Server thread/WARN] [net.minecraft.world.level.chunk.LevelChunk/]: Tried to load a block entity for block Block{create:track}[shape=zo,turn=false,waterlogged=false] but failed at location BlockPos{x=920, y=104, z=-5300}
[06Oct2025 01:40:04.234] [Server thread/WARN] [net.minecraft.server.network.ServerGamePacketListenerImpl/]: Zairos_ALT moved wrongly!
[06Oct2025 01:42:10.611] [Server thread/WARN] [net.minecraft.server.network.ServerGamePacketListenerImpl/]: Zairos_ALT moved too quickly! -10.0417690133811,-0.058019921869437496,-2.260917951603915
[06Oct2025 01:42:49.982] [Server thread/WARN] [net.minecraft.world.level.chunk.LevelChunk/]: Tried to load a block entity for block Block{create:copper_door}[facing=west,half=upper,hinge=right,open=false,powered=false,visible=true] but failed at location BlockPos{x=221, y=74, z=-5517}
[06Oct2025 01:42:49.982] [Server thread/WARN] [net.minecraft.world.level.chunk.LevelChunk/]: Tried to load a block entity for block Block{create:copper_door}[facing=west,half=upper,hinge=left,open=false,powered=false,visible=true] but failed at location BlockPos{x=219, y=82, z=-5517}
[06Oct2025 01:42:49.982] [Server thread/WARN] [net.minecraft.world.level.chunk.LevelChunk/]: Tried to load a block entity for block Block{create:copper_door}[facing=east,half=upper,hinge=right,open=false,powered=false,visible=true] but failed at location BlockPos{x=215, y=82, z=-5517}
[06Oct2025 01:42:49.982] [Server thread/WARN] [net.minecraft.world.level.chunk.LevelChunk/]: Tried to load a block entity for block Block{create:copper_door}[facing=west,half=upper,hinge=left,open=false,powered=false,visible=true] but failed at location BlockPos{x=223, y=68, z=-5517}
[06Oct2025 01:42:53.756] [Worker-Main-1/WARN] [net.minecraft.world.entity.EntityType/]: Skipping Entity with id 
[06Oct2025 01:42:53.756] [Worker-Main-1/WARN] [net.minecraft.world.entity.EntityType/]: Skipping Entity with id 
[06Oct2025 01:42:53.757] [Worker-Main-1/WARN] [net.minecraft.world.entity.EntityType/]: Skipping Entity with id 
[06Oct2025 01:43:05.622] [Server thread/WARN] [net.minecraft.server.network.ServerGamePacketListenerImpl/]: Zairos_ALT moved too quickly! -10.281824041024436,0.0,-1.9917042675560879
[06Oct2025 01:43:15.559] [Server thread/WARN] [net.minecraft.world.level.chunk.LevelChunk/]: Tried to load a block entity for block Block{create:andesite_door}[facing=north,half=upper,hinge=right,open=false,powered=false,visible=true] but failed at location BlockPos{x=169, y=193, z=-5552}
[06Oct2025 01:43:16.262] [Server thread/WARN] [net.minecraft.server.network.ServerGamePacketListenerImpl/]: Zairos_ALT moved too quickly! -3.0480058278029745,0.0,-10.271170791569602
[06Oct2025 01:43:46.532] [Server thread/INFO] [net.minecraft.server.MinecraftServer/]: Zairos_ALT has completed the challenge [Rude Awakening]
[06Oct2025 01:43:50.672] [Server thread/WARN] [net.minecraft.world.level.chunk.LevelChunk/]: Tried to load a block entity for block Block{create:track}[shape=xo,turn=false,waterlogged=false] but failed at location BlockPos{x=287, y=67, z=-5576}
[06Oct2025 01:43:50.673] [Server thread/WARN] [net.minecraft.world.level.chunk.LevelChunk/]: Tried to load a block entity for block Block{create:track}[shape=xo,turn=false,waterlogged=false] but failed at location BlockPos{x=286, y=67, z=-5576}
[06Oct2025 01:44:42.922] [Server thread/WARN] [net.minecraft.world.level.chunk.LevelChunk/]: Tried to load a block entity for block Block{create:track}[shape=xo,turn=false,waterlogged=false] but failed at location BlockPos{x=303, y=67, z=-5576}
[06Oct2025 01:44:42.922] [Server thread/WARN] [net.minecraft.world.level.chunk.LevelChunk/]: Tried to load a block entity for block Block{create:track}[shape=xo,turn=false,waterlogged=false] but failed at location BlockPos{x=301, y=67, z=-5576}
[06Oct2025 01:44:42.922] [Server thread/WARN] [net.minecraft.world.level.chunk.LevelChunk/]: Tried to load a block entity for block Block{create:track}[shape=xo,turn=false,waterlogged=false] but failed at location BlockPos{x=302, y=67, z=-5576}
[06Oct2025 01:44:42.922] [Server thread/WARN] [net.minecraft.world.level.chunk.LevelChunk/]: Tried to load a block entity for block Block{create:track}[shape=xo,turn=false,waterlogged=false] but failed at location BlockPos{x=299, y=67, z=-5576}
[06Oct2025 01:44:42.923] [Server thread/WARN] [net.minecraft.world.level.chunk.LevelChunk/]: Tried to load a block entity for block Block{create:track}[shape=xo,turn=false,waterlogged=false] but failed at location BlockPos{x=300, y=67, z=-5576}
[06Oct2025 01:44:42.923] [Server thread/WARN] [net.minecraft.world.level.chunk.LevelChunk/]: Tried to load a block entity for block Block{create:track}[shape=nd,turn=false,waterlogged=false] but failed at location BlockPos{x=297, y=67, z=-5576}
[06Oct2025 01:44:42.923] [Server thread/WARN] [net.minecraft.world.level.chunk.LevelChunk/]: Tried to load a block entity for block Block{create:track}[shape=xo,turn=false,waterlogged=false] but failed at location BlockPos{x=298, y=67, z=-5576}
[06Oct2025 01:44:42.923] [Server thread/WARN] [net.minecraft.world.level.chunk.LevelChunk/]: Tried to load a block entity for block Block{create:track}[shape=xo,turn=false,waterlogged=false] but failed at location BlockPos{x=295, y=67, z=-5576}
[06Oct2025 01:44:42.923] [Server thread/WARN] [net.minecraft.world.level.chunk.LevelChunk/]: Tried to load a block entity for block Block{create:track}[shape=xo,turn=false,waterlogged=false] but failed at location BlockPos{x=296, y=67, z=-5576}
[06Oct2025 01:44:42.923] [Server thread/WARN] [net.minecraft.world.level.chunk.LevelChunk/]: Tried to load a block entity for block Block{create:track}[shape=nd,turn=false,waterlogged=false] but failed at location BlockPos{x=293, y=67, z=-5576}
[06Oct2025 01:44:42.923] [Server thread/WARN] [net.minecraft.world.level.chunk.LevelChunk/]: Tried to load a block entity for block Block{create:track}[shape=xo,turn=false,waterlogged=false] but failed at location BlockPos{x=294, y=67, z=-5576}
[06Oct2025 01:44:42.923] [Server thread/WARN] [net.minecraft.world.level.chunk.LevelChunk/]: Tried to load a block entity for block Block{create:track}[shape=xo,turn=false,waterlogged=false] but failed at location BlockPos{x=291, y=67, z=-5576}
[06Oct2025 01:44:42.924] [Server thread/WARN] [net.minecraft.world.level.chunk.LevelChunk/]: Tried to load a block entity for block Block{create:track}[shape=xo,turn=false,waterlogged=false] but failed at location BlockPos{x=292, y=67, z=-5576}
[06Oct2025 01:44:42.924] [Server thread/WARN] [net.minecraft.world.level.chunk.LevelChunk/]: Tried to load a block entity for block Block{create:track}[shape=xo,turn=false,waterlogged=false] but failed at location BlockPos{x=289, y=67, z=-5576}
[06Oct2025 01:44:42.924] [Server thread/WARN] [net.minecraft.world.level.chunk.LevelChunk/]: Tried to load a block entity for block Block{create:track}[shape=xo,turn=false,waterlogged=false] but failed at location BlockPos{x=290, y=67, z=-5576}
[06Oct2025 01:44:42.924] [Server thread/WARN] [net.minecraft.world.level.chunk.LevelChunk/]: Tried to load a block entity for block Block{create:track}[shape=xo,turn=false,waterlogged=false] but failed at location BlockPos{x=288, y=67, z=-5576}
[06Oct2025 01:59:14.979] [Server thread/INFO] [net.minecraft.server.MinecraftServer/]: Panchito232027 has made the advancement [Back to childhood]
[06Oct2025 01:59:14.980] [Server thread/INFO] [net.minecraft.server.MinecraftServer/]: Panchito232027 has made the advancement [Not even afraid of death]
[06Oct2025 01:59:33.380] [Server thread/INFO] [net.minecraft.server.MinecraftServer/]: Zairos_ALT has reached the goal [Great minds think alike]
[06Oct2025 02:00:19.003] [Server thread/INFO] [net.minecraft.server.MinecraftServer/]: Panchito232027 has reached the goal [Fortuitous Militia]
[06Oct2025 02:02:43.574] [Server thread/INFO] [net.minecraft.server.MinecraftServer/]: Panchito232027 has made the advancement [Adventurous Eater]
[06Oct2025 02:10:17.307] [Server thread/WARN] [net.minecraft.world.level.chunk.LevelChunk/]: Tried to load a block entity for block Block{create:andesite_door}[facing=east,half=upper,hinge=right,open=false,powered=false,visible=true] but failed at location BlockPos{x=763, y=66, z=-5550}
[06Oct2025 02:10:17.307] [Server thread/WARN] [net.minecraft.world.level.chunk.LevelChunk/]: Tried to load a block entity for block Block{create:andesite_door}[facing=east,half=upper,hinge=right,open=false,powered=false,visible=true] but failed at location BlockPos{x=763, y=66, z=-5547}
[06Oct2025 02:10:17.307] [Server thread/WARN] [net.minecraft.world.level.chunk.LevelChunk/]: Tried to load a block entity for block Block{create:andesite_door}[facing=east,half=upper,hinge=left,open=false,powered=false,visible=true] but failed at location BlockPos{x=763, y=66, z=-5551}
[06Oct2025 02:10:17.308] [Server thread/WARN] [net.minecraft.world.level.chunk.LevelChunk/]: Tried to load a block entity for block Block{create:andesite_door}[facing=east,half=upper,hinge=left,open=false,powered=false,visible=true] but failed at location BlockPos{x=763, y=66, z=-5548}
[06Oct2025 02:10:18.802] [Server thread/WARN] [net.minecraft.world.level.chunk.LevelChunk/]: Tried to load a block entity for block Block{create:andesite_door}[facing=east,half=upper,hinge=left,open=false,powered=false,visible=true] but failed at location BlockPos{x=782, y=66, z=-5546}
[06Oct2025 02:10:18.803] [Server thread/WARN] [net.minecraft.world.level.chunk.LevelChunk/]: Tried to load a block entity for block Block{create:andesite_door}[facing=east,half=upper,hinge=left,open=false,powered=false,visible=true] but failed at location BlockPos{x=769, y=66, z=-5547}
[06Oct2025 02:10:18.803] [Server thread/WARN] [net.minecraft.world.level.chunk.LevelChunk/]: Tried to load a block entity for block Block{create:andesite_door}[facing=east,half=upper,hinge=right,open=false,powered=false,visible=true] but failed at location BlockPos{x=769, y=66, z=-5551}
[06Oct2025 02:10:18.803] [Server thread/WARN] [net.minecraft.world.level.chunk.LevelChunk/]: Tried to load a block entity for block Block{create:andesite_door}[facing=east,half=upper,hinge=right,open=false,powered=false,visible=true] but failed at location BlockPos{x=782, y=66, z=-5552}
[06Oct2025 02:10:28.403] [Server thread/WARN] [net.minecraft.server.network.ServerGamePacketListenerImpl/]: Zairos_ALT moved too quickly! 10.302747524071833,0.0,-0.4201039708013923
[06Oct2025 02:14:06.079] [Server thread/INFO] [net.minecraft.server.MinecraftServer/]: Zairos_ALT has reached the goal [The long arm of the law]
[06Oct2025 02:14:43.581] [Server thread/INFO] [net.minecraft.server.MinecraftServer/]: Panchito232027 has reached the goal [The long arm of the law]
[06Oct2025 02:19:36.589] [Server thread/INFO] [net.minecraft.server.MinecraftServer/]: Zairos_ALT has made the advancement [Hot Stuff]
[06Oct2025 02:20:28.503] [Server thread/WARN] [tombstone/]: The death event of the player Panchito232027 was canceled by another mod
[06Oct2025 02:20:28.509] [Server thread/INFO] [tombstone/]: The player Panchito232027 has successfully been saved
[06Oct2025 02:21:23.555] [Server thread/WARN] [net.minecraft.world.level.chunk.LevelChunk/]: Tried to load a block entity for block Block{create:copper_door}[facing=west,half=upper,hinge=right,open=false,powered=false,visible=true] but failed at location BlockPos{x=14, y=65, z=-6157}
[06Oct2025 02:21:23.556] [Server thread/WARN] [net.minecraft.world.level.chunk.LevelChunk/]: Tried to load a block entity for block Block{create:copper_door}[facing=south,half=upper,hinge=left,open=false,powered=false,visible=true] but failed at location BlockPos{x=10, y=65, z=-6146}
[06Oct2025 02:21:23.556] [Server thread/WARN] [net.minecraft.world.level.chunk.LevelChunk/]: Tried to load a block entity for block Block{create:copper_door}[facing=west,half=upper,hinge=left,open=false,powered=false,visible=true] but failed at location BlockPos{x=14, y=65, z=-6156}
[06Oct2025 02:21:23.603] [Server thread/WARN] [net.minecraft.world.level.chunk.LevelChunk/]: Tried to load a block entity for block Block{create:track}[shape=zo,turn=false,waterlogged=false] but failed at location BlockPos{x=24, y=63, z=-6160}
[06Oct2025 02:21:23.603] [Server thread/WARN] [net.minecraft.world.level.chunk.LevelChunk/]: Tried to load a block entity for block Block{create:track}[shape=zo,turn=false,waterlogged=false] but failed at location BlockPos{x=24, y=63, z=-6158}
[06Oct2025 02:21:23.603] [Server thread/WARN] [net.minecraft.world.level.chunk.LevelChunk/]: Tried to load a block entity for block Block{create:track}[shape=zo,turn=false,waterlogged=false] but failed at location BlockPos{x=24, y=63, z=-6159}
[06Oct2025 02:21:26.960] [Server thread/WARN] [net.minecraft.world.level.chunk.LevelChunk/]: Tried to load a block entity for block Block{create:track}[shape=zo,turn=false,waterlogged=false] but failed at location BlockPos{x=24, y=63, z=-6164}
[06Oct2025 02:21:26.960] [Server thread/WARN] [net.minecraft.world.level.chunk.LevelChunk/]: Tried to load a block entity for block Block{create:track}[shape=zo,turn=false,waterlogged=false] but failed at location BlockPos{x=24, y=63, z=-6162}
[06Oct2025 02:21:26.960] [Server thread/WARN] [net.minecraft.world.level.chunk.LevelChunk/]: Tried to load a block entity for block Block{create:track}[shape=zo,turn=false,waterlogged=false] but failed at location BlockPos{x=24, y=63, z=-6168}
[06Oct2025 02:21:26.960] [Server thread/WARN] [net.minecraft.world.level.chunk.LevelChunk/]: Tried to load a block entity for block Block{create:track}[shape=zo,turn=false,waterlogged=false] but failed at location BlockPos{x=24, y=63, z=-6166}
[06Oct2025 02:21:26.960] [Server thread/WARN] [net.minecraft.world.level.chunk.LevelChunk/]: Tried to load a block entity for block Block{create:track}[shape=zo,turn=false,waterlogged=false] but failed at location BlockPos{x=24, y=63, z=-6172}
[06Oct2025 02:21:26.960] [Server thread/WARN] [net.minecraft.world.level.chunk.LevelChunk/]: Tried to load a block entity for block Block{create:track}[shape=zo,turn=false,waterlogged=false] but failed at location BlockPos{x=24, y=63, z=-6170}
[06Oct2025 02:21:26.961] [Server thread/WARN] [net.minecraft.world.level.chunk.LevelChunk/]: Tried to load a block entity for block Block{create:track}[shape=zo,turn=false,waterlogged=false] but failed at location BlockPos{x=24, y=63, z=-6174}
[06Oct2025 02:21:26.961] [Server thread/WARN] [net.minecraft.world.level.chunk.LevelChunk/]: Tried to load a block entity for block Block{create:track}[shape=pd,turn=false,waterlogged=false] but failed at location BlockPos{x=24, y=63, z=-6165}
[06Oct2025 02:21:26.961] [Server thread/WARN] [net.minecraft.world.level.chunk.LevelChunk/]: Tried to load a block entity for block Block{create:track}[shape=zo,turn=false,waterlogged=false] but failed at location BlockPos{x=24, y=63, z=-6163}
[06Oct2025 02:21:26.961] [Server thread/WARN] [net.minecraft.world.level.chunk.LevelChunk/]: Tried to load a block entity for block Block{create:track}[shape=pd,turn=false,waterlogged=false] but failed at location BlockPos{x=24, y=63, z=-6169}
[06Oct2025 02:21:26.961] [Server thread/WARN] [net.minecraft.world.level.chunk.LevelChunk/]: Tried to load a block entity for block Block{create:track}[shape=zo,turn=false,waterlogged=false] but failed at location BlockPos{x=24, y=63, z=-6167}
[06Oct2025 02:21:26.961] [Server thread/WARN] [net.minecraft.world.level.chunk.LevelChunk/]: Tried to load a block entity for block Block{create:track}[shape=zo,turn=false,waterlogged=false] but failed at location BlockPos{x=24, y=63, z=-6161}
[06Oct2025 02:21:26.961] [Server thread/WARN] [net.minecraft.world.level.chunk.LevelChunk/]: Tried to load a block entity for block Block{create:track}[shape=zo,turn=false,waterlogged=false] but failed at location BlockPos{x=24, y=63, z=-6173}
[06Oct2025 02:21:26.961] [Server thread/WARN] [net.minecraft.world.level.chunk.LevelChunk/]: Tried to load a block entity for block Block{create:track}[shape=zo,turn=false,waterlogged=false] but failed at location BlockPos{x=24, y=63, z=-6171}
[06Oct2025 02:21:26.961] [Server thread/WARN] [net.minecraft.world.level.chunk.LevelChunk/]: Tried to load a block entity for block Block{create:track}[shape=zo,turn=false,waterlogged=false] but failed at location BlockPos{x=24, y=63, z=-6175}
[06Oct2025 02:22:40.957] [Server thread/WARN] [net.minecraft.server.network.ServerGamePacketListenerImpl/]: Zairos_ALT moved wrongly!
[06Oct2025 02:27:39.394] [Server thread/INFO] [net.minecraft.server.MinecraftServer/]: Panchito232027 has made the advancement [Chompy]
[06Oct2025 02:28:59.300] [Server thread/INFO] [net.minecraft.server.MinecraftServer/]: Zairos_ALT has made the advancement [The Lighthouse]
[06Oct2025 02:29:12.934] [Server thread/INFO] [net.minecraft.server.MinecraftServer/]: Panchito232027 has made the advancement [The Lighthouse]
[06Oct2025 02:29:33.457] [Server thread/WARN] [net.minecraft.server.MinecraftServer/]: Can't keep up! Is the server overloaded? Running 2691ms or 53 ticks behind
[06Oct2025 02:39:46.331] [Worker-Main-1/WARN] [net.minecraft.world.entity.EntityType/]: Skipping Entity with id 
[06Oct2025 02:41:01.844] [Server thread/WARN] [net.minecraft.world.level.chunk.LevelChunk/]: Tried to load a block entity for block Block{create:track}[shape=xo,turn=false,waterlogged=false] but failed at location BlockPos{x=-375, y=63, z=-7805}
[06Oct2025 02:41:01.846] [Server thread/WARN] [net.minecraft.world.level.chunk.LevelChunk/]: Tried to load a block entity for block Block{create:track}[shape=xo,turn=false,waterlogged=false] but failed at location BlockPos{x=-373, y=63, z=-7805}
[06Oct2025 02:41:01.846] [Server thread/WARN] [net.minecraft.world.level.chunk.LevelChunk/]: Tried to load a block entity for block Block{create:track}[shape=nd,turn=false,waterlogged=false] but failed at location BlockPos{x=-374, y=63, z=-7805}
[06Oct2025 02:41:01.847] [Server thread/WARN] [net.minecraft.world.level.chunk.LevelChunk/]: Tried to load a block entity for block Block{create:track}[shape=xo,turn=false,waterlogged=false] but failed at location BlockPos{x=-371, y=63, z=-7805}
[06Oct2025 02:41:01.847] [Server thread/WARN] [net.minecraft.world.level.chunk.LevelChunk/]: Tried to load a block entity for block Block{create:track}[shape=xo,turn=false,waterlogged=false] but failed at location BlockPos{x=-372, y=63, z=-7805}
[06Oct2025 02:41:01.847] [Server thread/WARN] [net.minecraft.world.level.chunk.LevelChunk/]: Tried to load a block entity for block Block{create:track}[shape=xo,turn=false,waterlogged=false] but failed at location BlockPos{x=-369, y=63, z=-7805}
[06Oct2025 02:41:01.850] [Server thread/WARN] [net.minecraft.world.level.chunk.LevelChunk/]: Tried to load a block entity for block Block{create:track}[shape=xo,turn=false,waterlogged=false] but failed at location BlockPos{x=-370, y=63, z=-7805}
[06Oct2025 02:42:13.175] [Server thread/WARN] [net.minecraft.world.level.chunk.LevelChunk/]: Tried to load a block entity for block Block{create:track}[shape=xo,turn=false,waterlogged=false] but failed at location BlockPos{x=-576, y=63, z=-7816}
[06Oct2025 02:42:13.175] [Server thread/WARN] [net.minecraft.world.level.chunk.LevelChunk/]: Tried to load a block entity for block Block{create:track}[shape=xo,turn=false,waterlogged=false] but failed at location BlockPos{x=-574, y=63, z=-7816}
[06Oct2025 02:42:13.176] [Server thread/WARN] [net.minecraft.world.level.chunk.LevelChunk/]: Tried to load a block entity for block Block{create:track}[shape=xo,turn=false,waterlogged=false] but failed at location BlockPos{x=-575, y=63, z=-7816}
[06Oct2025 02:42:25.892] [Server thread/INFO] [net.minecraft.world.entity.npc.Villager/]: Villager Villager['Fisherman'/88837, l='ServerLevel[PapuLandia]', x=-352.47, y=-2.95, z=-8218.55] died, message: 'Fisherman drowned'
[06Oct2025 02:44:16.933] [Server thread/INFO] [net.minecraft.world.entity.npc.Villager/]: Villager Villager['Toolsmith'/90524, l='ServerLevel[PapuLandia]', x=-388.30, y=-2.97, z=-8140.30] died, message: 'Toolsmith drowned'
[06Oct2025 02:44:42.080] [Server thread/INFO] [net.minecraft.world.entity.npc.Villager/]: Villager Villager['Fisherman'/90525, l='ServerLevel[PapuLandia]', x=-388.69, y=-2.95, z=-8140.30] died, message: 'Fisherman drowned'
[06Oct2025 02:44:56.480] [Server thread/INFO] [net.minecraft.world.entity.npc.Villager/]: Villager Villager['Librarian'/90587, l='ServerLevel[PapuLandia]', x=-358.30, y=-7.25, z=-8145.17] died, message: 'Librarian burned to death'
[06Oct2025 02:44:56.760] [Server thread/INFO] [net.minecraft.server.MinecraftServer/]: [Not Secure] <Panchito232027> -140 -8448
[06Oct2025 02:45:17.479] [Server thread/INFO] [net.minecraft.world.entity.npc.Villager/]: Villager Villager['Librarian'/90527, l='ServerLevel[PapuLandia]', x=-388.70, y=-2.95, z=-8140.30] died, message: 'Librarian drowned'
[06Oct2025 02:45:58.079] [Server thread/WARN] [net.minecraft.world.level.chunk.LevelChunk/]: Tried to load a block entity for block Block{create:track}[shape=zo,turn=false,waterlogged=false] but failed at location BlockPos{x=-413, y=109, z=-8543}
[06Oct2025 02:45:58.079] [Server thread/WARN] [net.minecraft.world.level.chunk.LevelChunk/]: Tried to load a block entity for block Block{create:track}[shape=zo,turn=false,waterlogged=false] but failed at location BlockPos{x=-413, y=109, z=-8540}
[06Oct2025 02:45:58.079] [Server thread/WARN] [net.minecraft.world.level.chunk.LevelChunk/]: Tried to load a block entity for block Block{create:track}[shape=zo,turn=false,waterlogged=false] but failed at location BlockPos{x=-413, y=109, z=-8539}
[06Oct2025 02:45:58.079] [Server thread/WARN] [net.minecraft.world.level.chunk.LevelChunk/]: Tried to load a block entity for block Block{create:track}[shape=zo,turn=false,waterlogged=false] but failed at location BlockPos{x=-413, y=109, z=-8542}
[06Oct2025 02:45:58.079] [Server thread/WARN] [net.minecraft.world.level.chunk.LevelChunk/]: Tried to load a block entity for block Block{create:track}[shape=zo,turn=false,waterlogged=false] but failed at location BlockPos{x=-413, y=109, z=-8541}
[06Oct2025 02:45:58.079] [Server thread/WARN] [net.minecraft.world.level.chunk.LevelChunk/]: Tried to load a block entity for block Block{create:track}[shape=pd,turn=false,waterlogged=false] but failed at location BlockPos{x=-413, y=109, z=-8538}
[06Oct2025 02:45:58.079] [Server thread/WARN] [net.minecraft.world.level.chunk.LevelChunk/]: Tried to load a block entity for block Block{create:track}[shape=zo,turn=false,waterlogged=false] but failed at location BlockPos{x=-413, y=109, z=-8537}
[06Oct2025 02:47:05.192] [Server thread/INFO] [net.minecraft.world.entity.npc.Villager/]: Villager Villager['Shepherd'/92792, l='ServerLevel[PapuLandia]', x=-388.50, y=-2.95, z=-8140.48] died, message: 'Shepherd drowned'
[06Oct2025 02:52:26.406] [Server thread/INFO] [net.minecraft.server.MinecraftServer/]: Panchito232027 has made the advancement [Chest Slayer]
[06Oct2025 02:53:05.831] [Server thread/INFO] [net.minecraft.server.MinecraftServer/]: Panchito232027 has made the advancement [Sculk Cymbal]
[06Oct2025 02:56:10.425] [ForkJoinPool.commonPool-worker-26/WARN] [SkinRestorer/]: Failed to fetch skin 'mojang:MaximoGB23'
java.lang.IllegalStateException: not found
	at net.lionarius.skinrestorer.util.WebUtils.throwOnClientErrors(WebUtils.java:77) ~[?:?]
	at net.lionarius.skinrestorer.skin.provider.MojangSkinProvider.getProfile(MojangSkinProvider.java:128) ~[?:?]
	at net.lionarius.skinrestorer.skin.provider.MojangSkinProvider.lambda$static$0(MojangSkinProvider.java:52) ~[?:?]
	at net.minecraft.server.players.GameProfileCache.m_10993_(GameProfileCache.java:98) ~[?:?]
	at net.minecraft.server.players.GameProfileCache.m_10996_(GameProfileCache.java:150) ~[?:?]
	at net.lionarius.skinrestorer.skin.provider.MojangSkinProvider.fetchSkin(MojangSkinProvider.java:99) ~[?:?]
	at net.minecraft.server.network.ServerLoginPacketListenerImpl.md9bbf8d$lambda$skinrestorer$fetchSkin$1$1(ServerLoginPacketListenerImpl.java:582) ~[?:?]
	at java.util.Optional.map(Optional.java:260) ~[?:?]
	at net.minecraft.server.network.ServerLoginPacketListenerImpl.skinrestorer$fetchSkin(ServerLoginPacketListenerImpl.java:581) ~[?:?]
	at net.minecraft.server.network.ServerLoginPacketListenerImpl.md9bbf8d$lambda$waitForSkin$0$2(ServerLoginPacketListenerImpl.java:566) ~[?:?]
	at java.util.concurrent.CompletableFuture$AsyncSupply.run(CompletableFuture.java:1768) ~[?:?]
	at java.util.concurrent.CompletableFuture$AsyncSupply.exec(CompletableFuture.java:1760) ~[?:?]
	at java.util.concurrent.ForkJoinTask.doExec(ForkJoinTask.java:373) ~[?:?]
	at java.util.concurrent.ForkJoinPool$WorkQueue.topLevelExec(ForkJoinPool.java:1182) ~[?:?]
	at java.util.concurrent.ForkJoinPool.scan(ForkJoinPool.java:1655) ~[?:?]
	at java.util.concurrent.ForkJoinPool.runWorker(ForkJoinPool.java:1622) ~[?:?]
	at java.util.concurrent.ForkJoinWorkerThread.run(ForkJoinWorkerThread.java:165) ~[?:?]
[06Oct2025 02:56:10.548] [Server thread/INFO] [net.minecraft.server.players.PlayerList/]: MaximoGB23[/127.122.74.237:41137] logged in with entity id 95488 at (2050.173195917212, 110.0, -4765.16586729166)
[06Oct2025 02:56:10.556] [Server thread/INFO] [net.minecraft.server.MinecraftServer/]: MaximoGB23 joined the game
[06Oct2025 02:56:10.560] [Server thread/INFO] [Jade/]: Syncing config to MaximoGB23 (55bb4f29-2181-32db-aab3-3c694c056141)
[06Oct2025 02:56:11.599] [Server thread/INFO] [voicechat/]: [voicechat] Received secret request of MaximoGB23 (20)
[06Oct2025 02:56:11.599] [Server thread/INFO] [voicechat/]: [voicechat] Sent secret to MaximoGB23
[06Oct2025 02:58:27.191] [Server thread/INFO] [net.minecraft.server.MinecraftServer/]: [Not Secure] <MaximoGB23> hola putas me voy a robar todo jejej
[06Oct2025 02:58:37.741] [Server thread/INFO] [net.minecraft.server.network.ServerGamePacketListenerImpl/]: MaximoGB23 lost connection: Disconnected
[06Oct2025 02:58:37.741] [Server thread/INFO] [net.minecraft.server.MinecraftServer/]: MaximoGB23 left the game
[06Oct2025 02:58:37.742] [Server thread/INFO] [voicechat/]: [voicechat] Disconnecting client MaximoGB23
[06Oct2025 02:59:32.584] [ForkJoinPool.commonPool-worker-29/WARN] [SkinRestorer/]: Failed to fetch skin 'mojang:MaximoGB23'
java.lang.IllegalStateException: not found
	at net.lionarius.skinrestorer.util.WebUtils.throwOnClientErrors(WebUtils.java:77) ~[?:?]
	at net.lionarius.skinrestorer.skin.provider.MojangSkinProvider.getProfile(MojangSkinProvider.java:128) ~[?:?]
	at net.lionarius.skinrestorer.skin.provider.MojangSkinProvider.lambda$static$0(MojangSkinProvider.java:52) ~[?:?]
	at net.minecraft.server.players.GameProfileCache.m_10993_(GameProfileCache.java:98) ~[?:?]
	at net.minecraft.server.players.GameProfileCache.m_10996_(GameProfileCache.java:150) ~[?:?]
	at net.lionarius.skinrestorer.skin.provider.MojangSkinProvider.fetchSkin(MojangSkinProvider.java:99) ~[?:?]
	at net.minecraft.server.network.ServerLoginPacketListenerImpl.md9bbf8d$lambda$skinrestorer$fetchSkin$1$1(ServerLoginPacketListenerImpl.java:582) ~[?:?]
	at java.util.Optional.map(Optional.java:260) ~[?:?]
	at net.minecraft.server.network.ServerLoginPacketListenerImpl.skinrestorer$fetchSkin(ServerLoginPacketListenerImpl.java:581) ~[?:?]
	at net.minecraft.server.network.ServerLoginPacketListenerImpl.md9bbf8d$lambda$waitForSkin$0$2(ServerLoginPacketListenerImpl.java:566) ~[?:?]
	at java.util.concurrent.CompletableFuture$AsyncSupply.run(CompletableFuture.java:1768) ~[?:?]
	at java.util.concurrent.CompletableFuture$AsyncSupply.exec(CompletableFuture.java:1760) ~[?:?]
	at java.util.concurrent.ForkJoinTask.doExec(ForkJoinTask.java:373) ~[?:?]
	at java.util.concurrent.ForkJoinPool$WorkQueue.topLevelExec(ForkJoinPool.java:1182) ~[?:?]
	at java.util.concurrent.ForkJoinPool.scan(ForkJoinPool.java:1655) ~[?:?]
	at java.util.concurrent.ForkJoinPool.runWorker(ForkJoinPool.java:1622) ~[?:?]
	at java.util.concurrent.ForkJoinWorkerThread.run(ForkJoinWorkerThread.java:165) ~[?:?]
[06Oct2025 02:59:32.642] [Server thread/INFO] [net.minecraft.server.players.PlayerList/]: MaximoGB23[/127.122.74.237:57967] logged in with entity id 96621 at (2049.6005575972545, 111.0, -4758.1868086619515)
[06Oct2025 02:59:32.648] [Server thread/INFO] [net.minecraft.server.MinecraftServer/]: MaximoGB23 joined the game
[06Oct2025 02:59:32.652] [Server thread/INFO] [Jade/]: Syncing config to MaximoGB23 (55bb4f29-2181-32db-aab3-3c694c056141)
[06Oct2025 02:59:33.632] [Server thread/INFO] [voicechat/]: [voicechat] Received secret request of MaximoGB23 (20)
[06Oct2025 02:59:33.633] [Server thread/INFO] [voicechat/]: [voicechat] Sent secret to MaximoGB23
[06Oct2025 03:00:02.749] [Server thread/INFO] [net.minecraft.server.network.ServerGamePacketListenerImpl/]: MaximoGB23 lost connection: Timed out
[06Oct2025 03:00:02.750] [Server thread/INFO] [net.minecraft.server.MinecraftServer/]: MaximoGB23 left the game
[06Oct2025 03:00:02.750] [Server thread/INFO] [voicechat/]: [voicechat] Disconnecting client MaximoGB23
[06Oct2025 03:00:57.036] [ForkJoinPool.commonPool-worker-29/WARN] [SkinRestorer/]: Failed to fetch skin 'mojang:MaximoGB23'
java.lang.IllegalStateException: not found
	at net.lionarius.skinrestorer.util.WebUtils.throwOnClientErrors(WebUtils.java:77) ~[?:?]
	at net.lionarius.skinrestorer.skin.provider.MojangSkinProvider.getProfile(MojangSkinProvider.java:128) ~[?:?]
	at net.lionarius.skinrestorer.skin.provider.MojangSkinProvider.lambda$static$0(MojangSkinProvider.java:52) ~[?:?]
	at net.minecraft.server.players.GameProfileCache.m_10993_(GameProfileCache.java:98) ~[?:?]
	at net.minecraft.server.players.GameProfileCache.m_10996_(GameProfileCache.java:150) ~[?:?]
	at net.lionarius.skinrestorer.skin.provider.MojangSkinProvider.fetchSkin(MojangSkinProvider.java:99) ~[?:?]
	at net.minecraft.server.network.ServerLoginPacketListenerImpl.md9bbf8d$lambda$skinrestorer$fetchSkin$1$1(ServerLoginPacketListenerImpl.java:582) ~[?:?]
	at java.util.Optional.map(Optional.java:260) ~[?:?]
	at net.minecraft.server.network.ServerLoginPacketListenerImpl.skinrestorer$fetchSkin(ServerLoginPacketListenerImpl.java:581) ~[?:?]
	at net.minecraft.server.network.ServerLoginPacketListenerImpl.md9bbf8d$lambda$waitForSkin$0$2(ServerLoginPacketListenerImpl.java:566) ~[?:?]
	at java.util.concurrent.CompletableFuture$AsyncSupply.run(CompletableFuture.java:1768) ~[?:?]
	at java.util.concurrent.CompletableFuture$AsyncSupply.exec(CompletableFuture.java:1760) ~[?:?]
	at java.util.concurrent.ForkJoinTask.doExec(ForkJoinTask.java:373) ~[?:?]
	at java.util.concurrent.ForkJoinPool$WorkQueue.topLevelExec(ForkJoinPool.java:1182) ~[?:?]
	at java.util.concurrent.ForkJoinPool.scan(ForkJoinPool.java:1655) ~[?:?]
	at java.util.concurrent.ForkJoinPool.runWorker(ForkJoinPool.java:1622) ~[?:?]
	at java.util.concurrent.ForkJoinWorkerThread.run(ForkJoinWorkerThread.java:165) ~[?:?]
[06Oct2025 03:00:57.051] [Server thread/INFO] [net.minecraft.server.players.PlayerList/]: MaximoGB23[/127.122.74.237:39173] logged in with entity id 97150 at (2049.6005575972545, 111.0, -4758.1868086619515)
[06Oct2025 03:00:57.057] [Server thread/INFO] [net.minecraft.server.MinecraftServer/]: MaximoGB23 joined the game
[06Oct2025 03:00:57.061] [Server thread/INFO] [Jade/]: Syncing config to MaximoGB23 (55bb4f29-2181-32db-aab3-3c694c056141)
[06Oct2025 03:00:57.739] [Server thread/INFO] [voicechat/]: [voicechat] Received secret request of MaximoGB23 (20)
[06Oct2025 03:00:57.740] [Server thread/INFO] [voicechat/]: [voicechat] Sent secret to MaximoGB23
[06Oct2025 03:02:10.190] [Server thread/INFO] [net.minecraft.server.MinecraftServer/]: MaximoGB23 has made the advancement [Diamonds!]
[06Oct2025 03:05:11.356] [Server thread/WARN] [net.minecraft.server.level.ServerPlayerGameMode/]: Mismatch in destroy block pos: BlockPos{x=-110, y=-49, z=-8325} BlockPos{x=-134, y=-43, z=-8404}
[06Oct2025 03:05:50.696] [Server thread/WARN] [net.minecraft.server.level.ServerPlayerGameMode/]: Mismatch in destroy block pos: BlockPos{x=-156, y=-50, z=-8304} BlockPos{x=-169, y=-52, z=-8287}
[06Oct2025 03:13:16.108] [Server thread/INFO] [net.minecraft.server.MinecraftServer/]: Panchito232027 has completed the challenge [It Spreads]
[06Oct2025 03:14:57.381] [Server thread/WARN] [tombstone/]: The death event of the player MaximoGB23 was canceled by another mod
[06Oct2025 03:14:57.397] [Server thread/INFO] [tombstone/]: The player MaximoGB23 has successfully been saved
[06Oct2025 03:15:36.609] [Server thread/INFO] [net.minecraft.server.MinecraftServer/]: MaximoGB23 was slain by Zombie
[06Oct2025 03:19:44.438] [Server thread/WARN] [net.minecraft.server.network.ServerGamePacketListenerImpl/]: Zairos_ALT moved wrongly!
[06Oct2025 03:22:03.344] [Server thread/INFO] [net.minecraft.server.MinecraftServer/]: MaximoGB23 has made the advancement [A Seedy Place]
[06Oct2025 03:22:57.691] [Server thread/INFO] [net.minecraft.world.entity.npc.Villager/]: Villager Villager['Farmer'/107105, l='ServerLevel[PapuLandia]', x=-352.52, y=-2.95, z=-8218.50] died, message: 'Farmer drowned'
[06Oct2025 03:28:46.012] [Server thread/WARN] [net.minecraft.server.level.ServerPlayerGameMode/]: Mismatch in destroy block pos: BlockPos{x=-149, y=-51, z=-8360} BlockPos{x=-147, y=-51, z=-8358}
[06Oct2025 03:28:59.941] [Server thread/INFO] [net.minecraft.server.network.ServerGamePacketListenerImpl/]: MaximoGB23 lost connection: Timed out
[06Oct2025 03:28:59.941] [Server thread/INFO] [net.minecraft.server.MinecraftServer/]: MaximoGB23 left the game
[06Oct2025 03:28:59.942] [Server thread/INFO] [voicechat/]: [voicechat] Disconnecting client MaximoGB23
[06Oct2025 03:29:22.891] [ForkJoinPool.commonPool-worker-33/WARN] [SkinRestorer/]: Failed to fetch skin 'mojang:MaximoGB23'
java.lang.IllegalStateException: not found
	at net.lionarius.skinrestorer.util.WebUtils.throwOnClientErrors(WebUtils.java:77) ~[?:?]
	at net.lionarius.skinrestorer.skin.provider.MojangSkinProvider.getProfile(MojangSkinProvider.java:128) ~[?:?]
	at net.lionarius.skinrestorer.skin.provider.MojangSkinProvider.lambda$static$0(MojangSkinProvider.java:52) ~[?:?]
	at net.minecraft.server.players.GameProfileCache.m_10993_(GameProfileCache.java:98) ~[?:?]
	at net.minecraft.server.players.GameProfileCache.m_10996_(GameProfileCache.java:150) ~[?:?]
	at net.lionarius.skinrestorer.skin.provider.MojangSkinProvider.fetchSkin(MojangSkinProvider.java:99) ~[?:?]
	at net.minecraft.server.network.ServerLoginPacketListenerImpl.md9bbf8d$lambda$skinrestorer$fetchSkin$1$1(ServerLoginPacketListenerImpl.java:582) ~[?:?]
	at java.util.Optional.map(Optional.java:260) ~[?:?]
	at net.minecraft.server.network.ServerLoginPacketListenerImpl.skinrestorer$fetchSkin(ServerLoginPacketListenerImpl.java:581) ~[?:?]
	at net.minecraft.server.network.ServerLoginPacketListenerImpl.md9bbf8d$lambda$waitForSkin$0$2(ServerLoginPacketListenerImpl.java:566) ~[?:?]
	at java.util.concurrent.CompletableFuture$AsyncSupply.run(CompletableFuture.java:1768) ~[?:?]
	at java.util.concurrent.CompletableFuture$AsyncSupply.exec(CompletableFuture.java:1760) ~[?:?]
	at java.util.concurrent.ForkJoinTask.doExec(ForkJoinTask.java:373) ~[?:?]
	at java.util.concurrent.ForkJoinPool$WorkQueue.topLevelExec(ForkJoinPool.java:1182) ~[?:?]
	at java.util.concurrent.ForkJoinPool.scan(ForkJoinPool.java:1655) ~[?:?]
	at java.util.concurrent.ForkJoinPool.runWorker(ForkJoinPool.java:1622) ~[?:?]
	at java.util.concurrent.ForkJoinWorkerThread.run(ForkJoinWorkerThread.java:165) ~[?:?]
[06Oct2025 03:29:22.945] [Server thread/INFO] [net.minecraft.server.players.PlayerList/]: MaximoGB23[/127.122.74.237:39913] logged in with entity id 113214 at (2189.371537013352, 62.40321891560397, -4677.643511325184)
[06Oct2025 03:29:22.950] [Server thread/INFO] [net.minecraft.server.MinecraftServer/]: MaximoGB23 joined the game
[06Oct2025 03:29:22.956] [Server thread/INFO] [Jade/]: Syncing config to MaximoGB23 (55bb4f29-2181-32db-aab3-3c694c056141)
[06Oct2025 03:29:24.594] [Server thread/INFO] [voicechat/]: [voicechat] Received secret request of MaximoGB23 (20)
[06Oct2025 03:29:24.594] [Server thread/INFO] [voicechat/]: [voicechat] Sent secret to MaximoGB23
[06Oct2025 03:35:10.904] [Server thread/INFO] [net.minecraft.server.MinecraftServer/]: [Not Secure] <MaximoGB23> seed
[06Oct2025 03:35:37.656] [Server thread/WARN] [net.minecraft.server.network.ServerGamePacketListenerImpl/]: Zairos_ALT moved wrongly!
[06Oct2025 03:38:58.128] [Server thread/INFO] [net.minecraft.server.MinecraftServer/]: MaximoGB23 has made the advancement [We Need to Go Deeper]
[06Oct2025 03:38:58.934] [Server thread/WARN] [net.minecraft.server.network.ServerGamePacketListenerImpl/]: Zairos_ALT moved too quickly! -9.01789150309375,0.2059632758195562,-4.795608385844389
[06Oct2025 03:38:58.976] [Server thread/WARN] [net.minecraft.server.MinecraftServer/]: Can't keep up! Is the server overloaded? Running 2861ms or 57 ticks behind
[06Oct2025 03:39:21.378] [Server thread/WARN] [net.minecraft.server.network.ServerGamePacketListenerImpl/]: Panchito232027 moved too quickly! 8.461045309440465,0.12870315946080524,-5.484708910627887
[06Oct2025 03:39:21.404] [Server thread/WARN] [net.minecraft.server.network.ServerGamePacketListenerImpl/]: Zairos_ALT moved too quickly! -8.63189226497127,-1.093024089548834,-5.2236208700178395
[06Oct2025 03:39:22.876] [Server thread/WARN] [net.minecraft.server.MinecraftServer/]: Can't keep up! Is the server overloaded? Running 2011ms or 40 ticks behind
[06Oct2025 03:39:24.017] [Server thread/INFO] [net.minecraft.server.network.ServerGamePacketListenerImpl/]: MaximoGB23 lost connection: Timed out
[06Oct2025 03:39:24.017] [Server thread/INFO] [net.minecraft.server.MinecraftServer/]: MaximoGB23 left the game
[06Oct2025 03:39:24.018] [Server thread/INFO] [voicechat/]: [voicechat] Disconnecting client MaximoGB23
[06Oct2025 03:39:46.794] [ForkJoinPool.commonPool-worker-36/WARN] [SkinRestorer/]: Failed to fetch skin 'mojang:MaximoGB23'
java.lang.IllegalStateException: not found
	at net.lionarius.skinrestorer.util.WebUtils.throwOnClientErrors(WebUtils.java:77) ~[?:?]
	at net.lionarius.skinrestorer.skin.provider.MojangSkinProvider.getProfile(MojangSkinProvider.java:128) ~[?:?]
	at net.lionarius.skinrestorer.skin.provider.MojangSkinProvider.lambda$static$0(MojangSkinProvider.java:52) ~[?:?]
	at net.minecraft.server.players.GameProfileCache.m_10993_(GameProfileCache.java:98) ~[?:?]
	at net.minecraft.server.players.GameProfileCache.m_10996_(GameProfileCache.java:150) ~[?:?]
	at net.lionarius.skinrestorer.skin.provider.MojangSkinProvider.fetchSkin(MojangSkinProvider.java:99) ~[?:?]
	at net.minecraft.server.network.ServerLoginPacketListenerImpl.md9bbf8d$lambda$skinrestorer$fetchSkin$1$1(ServerLoginPacketListenerImpl.java:582) ~[?:?]
	at java.util.Optional.map(Optional.java:260) ~[?:?]
	at net.minecraft.server.network.ServerLoginPacketListenerImpl.skinrestorer$fetchSkin(ServerLoginPacketListenerImpl.java:581) ~[?:?]
	at net.minecraft.server.network.ServerLoginPacketListenerImpl.md9bbf8d$lambda$waitForSkin$0$2(ServerLoginPacketListenerImpl.java:566) ~[?:?]
	at java.util.concurrent.CompletableFuture$AsyncSupply.run(CompletableFuture.java:1768) ~[?:?]
	at java.util.concurrent.CompletableFuture$AsyncSupply.exec(CompletableFuture.java:1760) ~[?:?]
	at java.util.concurrent.ForkJoinTask.doExec(ForkJoinTask.java:373) ~[?:?]
	at java.util.concurrent.ForkJoinPool$WorkQueue.topLevelExec(ForkJoinPool.java:1182) ~[?:?]
	at java.util.concurrent.ForkJoinPool.scan(ForkJoinPool.java:1655) ~[?:?]
	at java.util.concurrent.ForkJoinPool.runWorker(ForkJoinPool.java:1622) ~[?:?]
	at java.util.concurrent.ForkJoinWorkerThread.run(ForkJoinWorkerThread.java:165) ~[?:?]
[06Oct2025 03:39:46.847] [Server thread/INFO] [net.minecraft.server.players.PlayerList/]: MaximoGB23[/127.122.74.237:34785] logged in with entity id 122168 at (2040.300012230873, 98.0, -4772.5)
[06Oct2025 03:39:46.852] [Server thread/INFO] [net.minecraft.server.MinecraftServer/]: MaximoGB23 joined the game
[06Oct2025 03:39:46.856] [Server thread/INFO] [Jade/]: Syncing config to MaximoGB23 (55bb4f29-2181-32db-aab3-3c694c056141)
[06Oct2025 03:39:49.003] [Server thread/INFO] [voicechat/]: [voicechat] Received secret request of MaximoGB23 (20)
[06Oct2025 03:39:49.004] [Server thread/INFO] [voicechat/]: [voicechat] Sent secret to MaximoGB23
[06Oct2025 03:40:46.999] [Server thread/INFO] [net.minecraft.server.network.ServerGamePacketListenerImpl/]: MaximoGB23 lost connection: Timed out
[06Oct2025 03:40:46.999] [Server thread/INFO] [net.minecraft.server.MinecraftServer/]: MaximoGB23 left the game
[06Oct2025 03:40:47.000] [Server thread/INFO] [voicechat/]: [voicechat] Disconnecting client MaximoGB23
[06Oct2025 03:41:37.628] [ForkJoinPool.commonPool-worker-36/WARN] [SkinRestorer/]: Failed to fetch skin 'mojang:MaximoGB23'
java.lang.IllegalStateException: not found
	at net.lionarius.skinrestorer.util.WebUtils.throwOnClientErrors(WebUtils.java:77) ~[?:?]
	at net.lionarius.skinrestorer.skin.provider.MojangSkinProvider.getProfile(MojangSkinProvider.java:128) ~[?:?]
	at net.lionarius.skinrestorer.skin.provider.MojangSkinProvider.lambda$static$0(MojangSkinProvider.java:52) ~[?:?]
	at net.minecraft.server.players.GameProfileCache.m_10993_(GameProfileCache.java:98) ~[?:?]
	at net.minecraft.server.players.GameProfileCache.m_10996_(GameProfileCache.java:150) ~[?:?]
	at net.lionarius.skinrestorer.skin.provider.MojangSkinProvider.fetchSkin(MojangSkinProvider.java:99) ~[?:?]
	at net.minecraft.server.network.ServerLoginPacketListenerImpl.md9bbf8d$lambda$skinrestorer$fetchSkin$1$1(ServerLoginPacketListenerImpl.java:582) ~[?:?]
	at java.util.Optional.map(Optional.java:260) ~[?:?]
	at net.minecraft.server.network.ServerLoginPacketListenerImpl.skinrestorer$fetchSkin(ServerLoginPacketListenerImpl.java:581) ~[?:?]
	at net.minecraft.server.network.ServerLoginPacketListenerImpl.md9bbf8d$lambda$waitForSkin$0$2(ServerLoginPacketListenerImpl.java:566) ~[?:?]
	at java.util.concurrent.CompletableFuture$AsyncSupply.run(CompletableFuture.java:1768) ~[?:?]
	at java.util.concurrent.CompletableFuture$AsyncSupply.exec(CompletableFuture.java:1760) ~[?:?]
	at java.util.concurrent.ForkJoinTask.doExec(ForkJoinTask.java:373) ~[?:?]
	at java.util.concurrent.ForkJoinPool$WorkQueue.topLevelExec(ForkJoinPool.java:1182) ~[?:?]
	at java.util.concurrent.ForkJoinPool.scan(ForkJoinPool.java:1655) ~[?:?]
	at java.util.concurrent.ForkJoinPool.runWorker(ForkJoinPool.java:1622) ~[?:?]
	at java.util.concurrent.ForkJoinWorkerThread.run(ForkJoinWorkerThread.java:165) ~[?:?]
[06Oct2025 03:41:37.652] [Server thread/INFO] [net.minecraft.server.players.PlayerList/]: MaximoGB23[/127.122.74.237:51709] logged in with entity id 123670 at (2039.610765283412, 110.0, -4761.93325377619)
[06Oct2025 03:41:37.658] [Server thread/INFO] [net.minecraft.server.MinecraftServer/]: MaximoGB23 joined the game
[06Oct2025 03:41:37.662] [Server thread/INFO] [Jade/]: Syncing config to MaximoGB23 (55bb4f29-2181-32db-aab3-3c694c056141)
[06Oct2025 03:41:38.683] [Server thread/INFO] [voicechat/]: [voicechat] Received secret request of MaximoGB23 (20)
[06Oct2025 03:41:38.683] [Server thread/INFO] [voicechat/]: [voicechat] Sent secret to MaximoGB23
[06Oct2025 03:41:45.542] [Server thread/INFO] [net.minecraft.server.MinecraftServer/]: Stopping server
[06Oct2025 03:41:45.549] [Server thread/INFO] [net.minecraft.server.MinecraftServer/]: Saving players
[06Oct2025 03:41:45.581] [Server thread/INFO] [net.minecraft.server.network.ServerGamePacketListenerImpl/]: Zairos_ALT lost connection: Server closed
[06Oct2025 03:41:45.581] [Server thread/INFO] [net.minecraft.server.MinecraftServer/]: Zairos_ALT left the game
[06Oct2025 03:41:45.595] [Server thread/INFO] [net.minecraft.server.MinecraftServer/]: Saving worlds
